#
# There is insufficient memory for the Java Runtime Environment to continue.
# Native memory allocation (mmap) failed to map 536870912 bytes for G1 virtual space
# Possible reasons:
#   The system is out of physical RAM or swap space
#   The process is running with CompressedOops enabled, and the Java Heap may be blocking the growth of the native heap
# Possible solutions:
#   Reduce memory load on the system
#   Increase physical memory or swap space
#   Check if swap backing store is full
#   Decrease Java heap size (-Xmx/-Xms)
#   Decrease number of Java threads
#   Decrease Java thread stack sizes (-Xss)
#   Set larger code cache with -XX:ReservedCodeCacheSize=
#   JVM is running with Zero Based Compressed Oops mode in which the Java heap is
#     placed in the first 32GB address space. The Java Heap base address is the
#     maximum limit for the native heap growth. Please use -XX:HeapBaseMinAddress
#     to set the Java Heap base and to place the Java Heap above 32GB virtual address.
# This output file may be truncated or incomplete.
#
#  Out of Memory Error (os_windows.cpp:3535), pid=15724, tid=15168
#
# JRE version:  (17.0.3.1+2) (build )
# Java VM: Java HotSpot(TM) 64-Bit Server VM (17.0.3.1+2-LTS-6, mixed mode, sharing, tiered, compressed oops, compressed class ptrs, g1 gc, windows-amd64)
# No core dump will be written. Minidumps are not enabled by default on client versions of Windows
#

---------------  S U M M A R Y ------------

Command Line: -Dmaven.multiModuleProjectDirectory=C:\Users\cc\Desktop\untitled1 -Djansi.passthrough=true -Dmaven.home=C:\Program Files\JetBrains\IntelliJ IDEA Community Edition 2022.3.2\plugins\maven\lib\maven3 -Dclassworlds.conf=C:\Program Files\JetBrains\IntelliJ IDEA Community Edition 2022.3.2\plugins\maven\lib\maven3\bin\m2.conf -Dmaven.ext.class.path=C:\Program Files\JetBrains\IntelliJ IDEA Community Edition 2022.3.2\plugins\maven\lib\maven-event-listener.jar -javaagent:C:\Program Files\JetBrains\IntelliJ IDEA Community Edition 2022.3.2\lib\idea_rt.jar=62167:C:\Program Files\JetBrains\IntelliJ IDEA Community Edition 2022.3.2\bin -Dfile.encoding=UTF-8 org.codehaus.classworlds.Launcher -Didea.version=2022.3.2 clean package

Host: AMD Ryzen 9 5950X 16-Core Processor            , 32 cores, 31G,  Windows 10 , 64 bit Build 19041 (10.0.19041.3031)
Time: Sun Jul  9 00:51:37 2023  Windows 10 , 64 bit Build 19041 (10.0.19041.3031) elapsed time: 0.007262 seconds (0d 0h 0m 0s)

---------------  T H R E A D  ---------------

Current thread (0x000001bb197d5ad0):  JavaThread "Unknown thread" [_thread_in_vm, id=15168, stack(0x0000005342400000,0x0000005342500000)]

Stack: [0x0000005342400000,0x0000005342500000]
Native frames: (J=compiled Java code, j=interpreted, Vv=VM code, C=native code)
V  [jvm.dll+0x6711ba]
V  [jvm.dll+0x7d0834]
V  [jvm.dll+0x7d1fde]
V  [jvm.dll+0x7d2643]
V  [jvm.dll+0x242c85]
V  [jvm.dll+0x66e0d9]
V  [jvm.dll+0x662a22]
V  [jvm.dll+0x300ddb]
V  [jvm.dll+0x308376]
V  [jvm.dll+0x357f7e]
V  [jvm.dll+0x3581af]
V  [jvm.dll+0x2d7ff8]
V  [jvm.dll+0x2d8f64]
V  [jvm.dll+0x7a2411]
V  [jvm.dll+0x365d01]
V  [jvm.dll+0x78187c]
V  [jvm.dll+0x3e873f]
V  [jvm.dll+0x3ea1e1]
C  [jli.dll+0x527b]
C  [ucrtbase.dll+0x21bb2]
C  [KERNEL32.DLL+0x17614]
C  [ntdll.dll+0x526f1]


---------------  P R O C E S S  ---------------

Threads class SMR info:
_java_thread_list=0x00007fff8c659858, length=0, elements={
}

Java Threads: ( => current thread )

Other Threads:
  0x000001bb19885b70 GCTaskThread "GC Thread#0" [stack: 0x0000005342500000,0x0000005342600000] [id=14000]
  0x000001bb197f4520 ConcurrentGCThread "G1 Main Marker" [stack: 0x0000005342600000,0x0000005342700000] [id=4740]
  0x000001bb174ed270 ConcurrentGCThread "G1 Conc#0" [stack: 0x0000005342700000,0x0000005342800000] [id=24324]

[error occurred during error reporting (printing all threads), id 0xc0000005, EXCEPTION_ACCESS_VIOLATION (0xc0000005) at pc=0x00007fff8bea89e7]

VM state: not at safepoint (not fully initialized)

VM Mutex/Monitor currently owned by a thread:  ([mutex/lock_event])
[0x000001bb197d2bb0] Heap_lock - owner thread: 0x000001bb197d5ad0

Heap address: 0x0000000601000000, size: 8176 MB, Compressed Oops mode: Zero based, Oop shift amount: 3

CDS archive(s) mapped at: [0x0000000000000000-0x0000000000000000-0x0000000000000000), size 0, SharedBaseAddress: 0x0000000800000000, ArchiveRelocationMode: 0.
Narrow klass base: 0x0000000000000000, Narrow klass shift: 0, Narrow klass range: 0x0

GC Precious Log:
<Empty>

Heap:
 garbage-first heap   total 0K, used 0K [0x0000000601000000, 0x0000000800000000)
  region size 4096K, 0 young (0K), 0 survivors (0K)

[error occurred during error reporting (printing heap information), id 0xc0000005, EXCEPTION_ACCESS_VIOLATION (0xc0000005) at pc=0x00007fff8c28a629]

GC Heap History (0 events):
No events

Deoptimization events (0 events):
No events

Classes unloaded (0 events):
No events

Classes redefined (0 events):
No events

Internal exceptions (0 events):
No events

VM Operations (0 events):
No events

Events (1 events):
Event: 0.004 Loaded shared library C:\Program Files\Java\jdk-17.0.3.1\bin\java.dll


Dynamic libraries:
0x00007ff7c5c70000 - 0x00007ff7c5c80000 	C:\Program Files\Java\jdk-17.0.3.1\bin\java.exe
0x00007ff823b90000 - 0x00007ff823d88000 	C:\WINDOWS\SYSTEM32\ntdll.dll
0x00007ff821e90000 - 0x00007ff821f4f000 	C:\WINDOWS\System32\KERNEL32.DLL
0x00007ff821410000 - 0x00007ff821706000 	C:\WINDOWS\System32\KERNELBASE.dll
0x00007ff821710000 - 0x00007ff821810000 	C:\WINDOWS\System32\ucrtbase.dll
0x00007fff8ebf0000 - 0x00007fff8ec08000 	C:\Program Files\Java\jdk-17.0.3.1\bin\jli.dll
0x00007fff8ec10000 - 0x00007fff8ec2a000 	C:\Program Files\Java\jdk-17.0.3.1\bin\VCRUNTIME140.dll
0x00007ff822530000 - 0x00007ff8225df000 	C:\WINDOWS\System32\ADVAPI32.dll
0x00007ff822eb0000 - 0x00007ff822f4e000 	C:\WINDOWS\System32\msvcrt.dll
0x00007ff822fb0000 - 0x00007ff82304c000 	C:\WINDOWS\System32\sechost.dll
0x00007ff821d60000 - 0x00007ff821e86000 	C:\WINDOWS\System32\RPCRT4.dll
0x00007ff823050000 - 0x00007ff8231ed000 	C:\WINDOWS\System32\USER32.dll
0x00007ff821270000 - 0x00007ff821292000 	C:\WINDOWS\System32\win32u.dll
0x00007ff80d8f0000 - 0x00007ff80db8a000 	C:\WINDOWS\WinSxS\amd64_microsoft.windows.common-controls_6595b64144ccf1df_6.0.19041.1110_none_60b5254171f9507e\COMCTL32.dll
0x00007ff822b90000 - 0x00007ff822bbc000 	C:\WINDOWS\System32\GDI32.dll
0x00007ff8212f0000 - 0x00007ff821405000 	C:\WINDOWS\System32\gdi32full.dll
0x00007ff8218f0000 - 0x00007ff82198d000 	C:\WINDOWS\System32\msvcp_win.dll
0x00007ff81b510000 - 0x00007ff81b51a000 	C:\WINDOWS\SYSTEM32\VERSION.dll
0x00007ff822b00000 - 0x00007ff822b30000 	C:\WINDOWS\System32\IMM32.DLL
0x00007fffee560000 - 0x00007fffee56c000 	C:\Program Files\Java\jdk-17.0.3.1\bin\vcruntime140_1.dll
0x00007fff8eb60000 - 0x00007fff8ebed000 	C:\Program Files\Java\jdk-17.0.3.1\bin\msvcp140.dll
0x00007fff8bbc0000 - 0x00007fff8c780000 	C:\Program Files\Java\jdk-17.0.3.1\bin\server\jvm.dll
0x00007ff822bc0000 - 0x00007ff822bc8000 	C:\WINDOWS\System32\PSAPI.DLL
0x00007ff81a4d0000 - 0x00007ff81a4f7000 	C:\WINDOWS\SYSTEM32\WINMM.dll
0x00007ff807700000 - 0x00007ff807709000 	C:\WINDOWS\SYSTEM32\WSOCK32.dll
0x00007ff8224c0000 - 0x00007ff82252b000 	C:\WINDOWS\System32\WS2_32.dll
0x00007ff81f140000 - 0x00007ff81f152000 	C:\WINDOWS\SYSTEM32\kernel.appcore.dll
0x00007fffb72d0000 - 0x00007fffb72da000 	C:\Program Files\Java\jdk-17.0.3.1\bin\jimage.dll
0x00007ff80e4d0000 - 0x00007ff80e6b4000 	C:\WINDOWS\SYSTEM32\DBGHELP.DLL
0x00007ff807bf0000 - 0x00007ff807c24000 	C:\WINDOWS\SYSTEM32\dbgcore.DLL
0x00007ff821af0000 - 0x00007ff821b72000 	C:\WINDOWS\System32\bcryptPrimitives.dll
0x00007ff81dd90000 - 0x00007ff81dd9e000 	C:\Program Files\Java\jdk-17.0.3.1\bin\instrument.dll
0x00007fff8eb30000 - 0x00007fff8eb55000 	C:\Program Files\Java\jdk-17.0.3.1\bin\java.dll

dbghelp: loaded successfully - version: 4.0.5 - missing functions: none
symbol engine: initialized successfully - sym options: 0x614 - pdb path: .;C:\Program Files\Java\jdk-17.0.3.1\bin;C:\WINDOWS\SYSTEM32;C:\WINDOWS\WinSxS\amd64_microsoft.windows.common-controls_6595b64144ccf1df_6.0.19041.1110_none_60b5254171f9507e;C:\Program Files\Java\jdk-17.0.3.1\bin\server

VM Arguments:
jvm_args: -Dmaven.multiModuleProjectDirectory=C:\Users\cc\Desktop\untitled1 -Djansi.passthrough=true -Dmaven.home=C:\Program Files\JetBrains\IntelliJ IDEA Community Edition 2022.3.2\plugins\maven\lib\maven3 -Dclassworlds.conf=C:\Program Files\JetBrains\IntelliJ IDEA Community Edition 2022.3.2\plugins\maven\lib\maven3\bin\m2.conf -Dmaven.ext.class.path=C:\Program Files\JetBrains\IntelliJ IDEA Community Edition 2022.3.2\plugins\maven\lib\maven-event-listener.jar -javaagent:C:\Program Files\JetBrains\IntelliJ IDEA Community Edition 2022.3.2\lib\idea_rt.jar=62167:C:\Program Files\JetBrains\IntelliJ IDEA Community Edition 2022.3.2\bin -Dfile.encoding=UTF-8 
java_command: org.codehaus.classworlds.Launcher -Didea.version=2022.3.2 clean package
java_class_path (initial): C:\Program Files\JetBrains\IntelliJ IDEA Community Edition 2022.3.2\plugins\maven\lib\maven3\boot\plexus-classworlds-2.6.0.jar;C:\Program Files\JetBrains\IntelliJ IDEA Community Edition 2022.3.2\plugins\maven\lib\maven3\boot\plexus-classworlds.license
Launcher Type: SUN_STANDARD

[Global flags]
     intx CICompilerCount                          = 15                                        {product} {ergonomic}
     uint ConcGCThreads                            = 6                                         {product} {ergonomic}
     uint G1ConcRefinementThreads                  = 23                                        {product} {ergonomic}
   size_t G1HeapRegionSize                         = 4194304                                   {product} {ergonomic}
    uintx GCDrainStackTargetSize                   = 64                                        {product} {ergonomic}
   size_t InitialHeapSize                          = 536870912                                 {product} {ergonomic}
   size_t MarkStackSize                            = 4194304                                   {product} {ergonomic}
   size_t MaxHeapSize                              = 8573157376                                {product} {ergonomic}
   size_t MinHeapDeltaBytes                        = 4194304                                   {product} {ergonomic}
   size_t MinHeapSize                              = 8388608                                   {product} {ergonomic}
    uintx NonNMethodCodeHeapSize                   = 8192380                                {pd product} {ergonomic}
    uintx NonProfiledCodeHeapSize                  = 121732930                              {pd product} {ergonomic}
    uintx ProfiledCodeHeapSize                     = 121732930                              {pd product} {ergonomic}
    uintx ReservedCodeCacheSize                    = 251658240                              {pd product} {ergonomic}
     bool SegmentedCodeCache                       = true                                      {product} {ergonomic}
   size_t SoftMaxHeapSize                          = 8573157376                             {manageable} {ergonomic}
     bool UseCompressedClassPointers               = true                           {product lp64_product} {ergonomic}
     bool UseCompressedOops                        = true                           {product lp64_product} {ergonomic}
     bool UseG1GC                                  = true                                      {product} {ergonomic}
     bool UseLargePagesIndividualAllocation        = false                                  {pd product} {ergonomic}

Logging:
Log output configuration:
 #0: stdout all=warning uptime,level,tags
 #1: stderr all=off uptime,level,tags

Environment Variables:
PATH=C:\Program Files\Common Files\Oracle\Java\javapath;C:\Users\cc\AppData\Local\Programs\Python\Python311\Scripts\;C:\Users\cc\AppData\Local\Programs\Python\Python311\;C:\Users\cc\AppData\Local\Microsoft\WindowsApps;C:\Program Files\Intel\WiFi\bin\;C:\Program Files\Common Files\Intel\WirelessCommon\;C:\Program Files (x86)\HP\Common\HPDestPlgIn\;C:\Users\cc\AppData\Local\Programs\Microsoft VS Code\bin;C:\Users\cc\.dotnet\tools;C:\Users\cc\AppData\Local\Microsoft\WindowsApps;C:\ffmpeg\bin;C:\Windows\system32;C:\Windows;C:\Program Files\NVIDIA Corporation\NVIDIA NvDLISR;C:\Tesseract-OCR;C:\Program Files\nodejs\;C:\Program Files\Git\usr\bin;C:\MinGW\bin;C:\Program Files\Go\bin;C:\Program Files\dotnet\;C:\Program Files\Microsoft SQL Server\150\Tools\Binn\;C:\Program Files\Microsoft SQL Server\Client SDK\ODBC\170\Tools\Binn\;C:\Users\cc\AppData\Local\Programs\Python\Python311\Scripts\;C:\Users\cc\AppData\Local\Programs\Python\Python311\;C:\Users\cc\AppData\Local\Programs\Python\Launcher\;C:\Users\cc\AppData\Local\Programs\Python\Python310\Scripts\;C:\Users\cc\AppData\Local\Programs\Python\Python310\;C:\Program Files\MySQL\MySQL Shell 8.0\bin\;C:\Users\cc\AppData\Local\Microsoft\WindowsApps;C:\Program Files\Intel\WiFi\bin\;C:\Program Files\Common Files\Intel\WirelessCommon\;C:\Program Files (x86)\HP\Common\HPDestPlgIn\;C:\Users\cc\.dotnet\tools;C:\Users\cc\AppData\Local\Microsoft\WindowsApps;C:\Users\cc\.dotnet\tools;C:\Users\cc\.dotnet\tools;C:\Users\cc\AppData\Roaming\npm;C:\Program Files\JetBrains\IntelliJ IDEA 2022.3.2\bin;;C:\Program Files\JetBrains\IntelliJ IDEA Community Edition 2022.3.2\bin;;C:\Users\cc\AppData\Local\Programs\Microsoft VS Code\bin;C:\Users\cc\go\bin
USERNAME=cc
OS=Windows_NT
PROCESSOR_IDENTIFIER=AMD64 Family 25 Model 33 Stepping 0, AuthenticAMD



---------------  S Y S T E M  ---------------

OS:
 Windows 10 , 64 bit Build 19041 (10.0.19041.3031)
OS uptime: 0 days 20:46 hours

CPU: total 32 (initial active 32) (32 cores per cpu, 2 threads per core) family 25 model 33 stepping 0 microcode 0x0, cx8, cmov, fxsr, ht, mmx, 3dnowpref, sse, sse2, sse3, ssse3, sse4a, sse4.1, sse4.2, popcnt, lzcnt, tsc, tscinvbit, avx, avx2, aes, erms, clmul, bmi1, bmi2, adx, sha, fma, vzeroupper, clflush, clflushopt

Memory: 4k page, system-wide physical 32688M (14624M free)
TotalPageFile size 33712M (AvailPageFile size 475M)
current process WorkingSet (physical memory assigned to process): 11M, peak: 11M
current process commit charge ("private bytes"): 91M, peak: 603M

vm_info: Java HotSpot(TM) 64-Bit Server VM (17.0.3.1+2-LTS-6) for windows-amd64 JRE (17.0.3.1+2-LTS-6), built on Apr 25 2022 22:04:21 by "mach5one" with MS VC++ 16.8 / 16.9 (VS2019)

END.
